<?xml version="1.0" encoding="UTF-8"?>
<!-- Generated by org.testng.reporters.JUnitReportReporter -->
<testsuite hostname="DESKTOP-DK9PHP1" failures="0" tests="2" name="dataBaseTesting.myTestCasesDB" time="26.674" errors="0" timestamp="2024-06-26T02:15:11 EET" skipped="0">
  <testcase classname="dataBaseTesting.myTestCasesDB" name="getData" time="26.661"/>
  <system-out/>
  <testcase classname="dataBaseTesting.myTestCasesDB" name="updateData" time="0.013"/>
  <system-out/>
</testsuite> <!-- dataBaseTesting.myTestCasesDB -->
